TN:
SF:src/app.ts
FN:16,(anonymous_7)
FN:18,(anonymous_8)
FNF:2
FNH:0
FNDA:0,(anonymous_7)
FNDA:0,(anonymous_8)
DA:1,1
DA:8,1
DA:10,1
DA:12,1
DA:13,1
DA:14,1
DA:16,1
DA:17,0
DA:18,0
DA:22,1
DA:23,1
DA:24,1
DA:26,1
LF:13
LH:11
BRF:0
BRH:0
end_of_record
TN:
SF:src/db.ts
FNF:0
FNH:0
DA:1,1
DA:3,1
DA:11,1
LF:3
LH:3
BRF:0
BRH:0
end_of_record
TN:
SF:src/account/controller.ts
FN:18,(anonymous_4)
FN:22,(anonymous_5)
FN:32,(anonymous_6)
FN:36,(anonymous_7)
FNF:4
FNH:0
FNDA:0,(anonymous_4)
FNDA:0,(anonymous_5)
FNDA:0,(anonymous_6)
FNDA:0,(anonymous_7)
DA:1,1
DA:12,1
DA:15,1
DA:18,1
DA:21,0
DA:23,0
DA:24,0
DA:26,0
DA:32,1
DA:35,0
DA:37,0
DA:38,0
DA:40,0
LF:13
LH:5
BRDA:23,0,0,0
BRDA:37,1,0,0
BRF:2
BRH:0
end_of_record
TN:
SF:src/account/service.ts
FN:12,(anonymous_6)
FN:26,(anonymous_7)
FN:41,(anonymous_8)
FN:42,(anonymous_9)
FN:46,(anonymous_10)
FNF:5
FNH:0
FNDA:0,(anonymous_6)
FNDA:0,(anonymous_7)
FNDA:0,(anonymous_8)
FNDA:0,(anonymous_9)
FNDA:0,(anonymous_10)
DA:1,1
DA:3,1
DA:11,1
DA:14,0
DA:18,0
DA:22,0
DA:23,0
DA:27,0
DA:28,0
DA:29,0
DA:35,0
DA:37,0
DA:42,0
DA:43,0
DA:44,0
DA:47,0
DA:48,0
DA:50,0
DA:51,0
DA:54,0
LF:20
LH:3
BRDA:23,0,0,0
BRDA:23,0,1,0
BRDA:28,1,0,0
BRDA:28,1,1,0
BRDA:47,2,0,0
BRF:5
BRH:0
end_of_record
